This is pdfTeX, Version 3.14159265-2.6-1.40.15 (TeX Live 2014/W32TeX) (preloaded format=pdflatex 2014.7.17)  7 MAY 2015 13:57
entering extended mode
 \write18 enabled.
 %&-line parsing enabled.
**ecsp.tex
(./ecsp.tex
LaTeX2e <2014/05/01>
Babel <3.9k> and hyphenation patterns for 79 languages loaded.
(c:/texlive/2014/texmf-dist/tex/latex/base/book.cls
Document Class: book 2007/10/19 v1.4h Standard LaTeX document class
(c:/texlive/2014/texmf-dist/tex/latex/base/bk12.clo
File: bk12.clo 2007/10/19 v1.4h Standard LaTeX file (size option)
)
\c@part=\count79
\c@chapter=\count80
\c@section=\count81
\c@subsection=\count82
\c@subsubsection=\count83
\c@paragraph=\count84
\c@subparagraph=\count85
\c@figure=\count86
\c@table=\count87
\abovecaptionskip=\skip41
\belowcaptionskip=\skip42
\bibindent=\dimen102
) (./thisbook.sty
Package: thisbook 2015/03/12 v1.0 Book Macros

(c:/texlive/2014/texmf-dist/tex/latex/base/inputenc.sty
Package: inputenc 2014/04/30 v1.2b Input encoding file
\inpenc@prehook=\toks14
\inpenc@posthook=\toks15

(c:/texlive/2014/texmf-dist/tex/latex/base/utf8.def
File: utf8.def 2008/04/05 v1.1m UTF-8 support for inputenc
Now handling font encoding OML ...
... no UTF-8 mapping file for font encoding OML
Now handling font encoding T1 ...
... processing UTF-8 mapping file for font encoding T1

(c:/texlive/2014/texmf-dist/tex/latex/base/t1enc.dfu
File: t1enc.dfu 2008/04/05 v1.1m UTF-8 support for inputenc
   defining Unicode char U+00A1 (decimal 161)
   defining Unicode char U+00A3 (decimal 163)
   defining Unicode char U+00AB (decimal 171)
   defining Unicode char U+00BB (decimal 187)
   defining Unicode char U+00BF (decimal 191)
   defining Unicode char U+00C0 (decimal 192)
   defining Unicode char U+00C1 (decimal 193)
   defining Unicode char U+00C2 (decimal 194)
   defining Unicode char U+00C3 (decimal 195)
   defining Unicode char U+00C4 (decimal 196)
   defining Unicode char U+00C5 (decimal 197)
   defining Unicode char U+00C6 (decimal 198)
   defining Unicode char U+00C7 (decimal 199)
   defining Unicode char U+00C8 (decimal 200)
   defining Unicode char U+00C9 (decimal 201)
   defining Unicode char U+00CA (decimal 202)
   defining Unicode char U+00CB (decimal 203)
   defining Unicode char U+00CC (decimal 204)
   defining Unicode char U+00CD (decimal 205)
   defining Unicode char U+00CE (decimal 206)
   defining Unicode char U+00CF (decimal 207)
   defining Unicode char U+00D0 (decimal 208)
   defining Unicode char U+00D1 (decimal 209)
   defining Unicode char U+00D2 (decimal 210)
   defining Unicode char U+00D3 (decimal 211)
   defining Unicode char U+00D4 (decimal 212)
   defining Unicode char U+00D5 (decimal 213)
   defining Unicode char U+00D6 (decimal 214)
   defining Unicode char U+00D8 (decimal 216)
   defining Unicode char U+00D9 (decimal 217)
   defining Unicode char U+00DA (decimal 218)
   defining Unicode char U+00DB (decimal 219)
   defining Unicode char U+00DC (decimal 220)
   defining Unicode char U+00DD (decimal 221)
   defining Unicode char U+00DE (decimal 222)
   defining Unicode char U+00DF (decimal 223)
   defining Unicode char U+00E0 (decimal 224)
   defining Unicode char U+00E1 (decimal 225)
   defining Unicode char U+00E2 (decimal 226)
   defining Unicode char U+00E3 (decimal 227)
   defining Unicode char U+00E4 (decimal 228)
   defining Unicode char U+00E5 (decimal 229)
   defining Unicode char U+00E6 (decimal 230)
   defining Unicode char U+00E7 (decimal 231)
   defining Unicode char U+00E8 (decimal 232)
   defining Unicode char U+00E9 (decimal 233)
   defining Unicode char U+00EA (decimal 234)
   defining Unicode char U+00EB (decimal 235)
   defining Unicode char U+00EC (decimal 236)
   defining Unicode char U+00ED (decimal 237)
   defining Unicode char U+00EE (decimal 238)
   defining Unicode char U+00EF (decimal 239)
   defining Unicode char U+00F0 (decimal 240)
   defining Unicode char U+00F1 (decimal 241)
   defining Unicode char U+00F2 (decimal 242)
   defining Unicode char U+00F3 (decimal 243)
   defining Unicode char U+00F4 (decimal 244)
   defining Unicode char U+00F5 (decimal 245)
   defining Unicode char U+00F6 (decimal 246)
   defining Unicode char U+00F8 (decimal 248)
   defining Unicode char U+00F9 (decimal 249)
   defining Unicode char U+00FA (decimal 250)
   defining Unicode char U+00FB (decimal 251)
   defining Unicode char U+00FC (decimal 252)
   defining Unicode char U+00FD (decimal 253)
   defining Unicode char U+00FE (decimal 254)
   defining Unicode char U+00FF (decimal 255)
   defining Unicode char U+0102 (decimal 258)
   defining Unicode char U+0103 (decimal 259)
   defining Unicode char U+0104 (decimal 260)
   defining Unicode char U+0105 (decimal 261)
   defining Unicode char U+0106 (decimal 262)
   defining Unicode char U+0107 (decimal 263)
   defining Unicode char U+010C (decimal 268)
   defining Unicode char U+010D (decimal 269)
   defining Unicode char U+010E (decimal 270)
   defining Unicode char U+010F (decimal 271)
   defining Unicode char U+0110 (decimal 272)
   defining Unicode char U+0111 (decimal 273)
   defining Unicode char U+0118 (decimal 280)
   defining Unicode char U+0119 (decimal 281)
   defining Unicode char U+011A (decimal 282)
   defining Unicode char U+011B (decimal 283)
   defining Unicode char U+011E (decimal 286)
   defining Unicode char U+011F (decimal 287)
   defining Unicode char U+0130 (decimal 304)
   defining Unicode char U+0131 (decimal 305)
   defining Unicode char U+0132 (decimal 306)
   defining Unicode char U+0133 (decimal 307)
   defining Unicode char U+0139 (decimal 313)
   defining Unicode char U+013A (decimal 314)
   defining Unicode char U+013D (decimal 317)
   defining Unicode char U+013E (decimal 318)
   defining Unicode char U+0141 (decimal 321)
   defining Unicode char U+0142 (decimal 322)
   defining Unicode char U+0143 (decimal 323)
   defining Unicode char U+0144 (decimal 324)
   defining Unicode char U+0147 (decimal 327)
   defining Unicode char U+0148 (decimal 328)
   defining Unicode char U+014A (decimal 330)
   defining Unicode char U+014B (decimal 331)
   defining Unicode char U+0150 (decimal 336)
   defining Unicode char U+0151 (decimal 337)
   defining Unicode char U+0152 (decimal 338)
   defining Unicode char U+0153 (decimal 339)
   defining Unicode char U+0154 (decimal 340)
   defining Unicode char U+0155 (decimal 341)
   defining Unicode char U+0158 (decimal 344)
   defining Unicode char U+0159 (decimal 345)
   defining Unicode char U+015A (decimal 346)
   defining Unicode char U+015B (decimal 347)
   defining Unicode char U+015E (decimal 350)
   defining Unicode char U+015F (decimal 351)
   defining Unicode char U+0160 (decimal 352)
   defining Unicode char U+0161 (decimal 353)
   defining Unicode char U+0162 (decimal 354)
   defining Unicode char U+0163 (decimal 355)
   defining Unicode char U+0164 (decimal 356)
   defining Unicode char U+0165 (decimal 357)
   defining Unicode char U+016E (decimal 366)
   defining Unicode char U+016F (decimal 367)
   defining Unicode char U+0170 (decimal 368)
   defining Unicode char U+0171 (decimal 369)
   defining Unicode char U+0178 (decimal 376)
   defining Unicode char U+0179 (decimal 377)
   defining Unicode char U+017A (decimal 378)
   defining Unicode char U+017B (decimal 379)
   defining Unicode char U+017C (decimal 380)
   defining Unicode char U+017D (decimal 381)
   defining Unicode char U+017E (decimal 382)
   defining Unicode char U+200C (decimal 8204)
   defining Unicode char U+2013 (decimal 8211)
   defining Unicode char U+2014 (decimal 8212)
   defining Unicode char U+2018 (decimal 8216)
   defining Unicode char U+2019 (decimal 8217)
   defining Unicode char U+201A (decimal 8218)
   defining Unicode char U+201C (decimal 8220)
   defining Unicode char U+201D (decimal 8221)
   defining Unicode char U+201E (decimal 8222)
   defining Unicode char U+2030 (decimal 8240)
   defining Unicode char U+2031 (decimal 8241)
   defining Unicode char U+2039 (decimal 8249)
   defining Unicode char U+203A (decimal 8250)
   defining Unicode char U+2423 (decimal 9251)
)
Now handling font encoding OT1 ...
... processing UTF-8 mapping file for font encoding OT1

(c:/texlive/2014/texmf-dist/tex/latex/base/ot1enc.dfu
File: ot1enc.dfu 2008/04/05 v1.1m UTF-8 support for inputenc
   defining Unicode char U+00A1 (decimal 161)
   defining Unicode char U+00A3 (decimal 163)
   defining Unicode char U+00B8 (decimal 184)
   defining Unicode char U+00BF (decimal 191)
   defining Unicode char U+00C5 (decimal 197)
   defining Unicode char U+00C6 (decimal 198)
   defining Unicode char U+00D8 (decimal 216)
   defining Unicode char U+00DF (decimal 223)
   defining Unicode char U+00E6 (decimal 230)
   defining Unicode char U+00EC (decimal 236)
   defining Unicode char U+00ED (decimal 237)
   defining Unicode char U+00EE (decimal 238)
   defining Unicode char U+00EF (decimal 239)
   defining Unicode char U+00F8 (decimal 248)
   defining Unicode char U+0131 (decimal 305)
   defining Unicode char U+0141 (decimal 321)
   defining Unicode char U+0142 (decimal 322)
   defining Unicode char U+0152 (decimal 338)
   defining Unicode char U+0153 (decimal 339)
   defining Unicode char U+2013 (decimal 8211)
   defining Unicode char U+2014 (decimal 8212)
   defining Unicode char U+2018 (decimal 8216)
   defining Unicode char U+2019 (decimal 8217)
   defining Unicode char U+201C (decimal 8220)
   defining Unicode char U+201D (decimal 8221)
)
Now handling font encoding OMS ...
... processing UTF-8 mapping file for font encoding OMS

(c:/texlive/2014/texmf-dist/tex/latex/base/omsenc.dfu
File: omsenc.dfu 2008/04/05 v1.1m UTF-8 support for inputenc
   defining Unicode char U+00A7 (decimal 167)
   defining Unicode char U+00B6 (decimal 182)
   defining Unicode char U+00B7 (decimal 183)
   defining Unicode char U+2020 (decimal 8224)
   defining Unicode char U+2021 (decimal 8225)
   defining Unicode char U+2022 (decimal 8226)
)
Now handling font encoding OMX ...
... no UTF-8 mapping file for font encoding OMX
Now handling font encoding U ...
... no UTF-8 mapping file for font encoding U
   defining Unicode char U+00A9 (decimal 169)
   defining Unicode char U+00AA (decimal 170)
   defining Unicode char U+00AE (decimal 174)
   defining Unicode char U+00BA (decimal 186)
   defining Unicode char U+02C6 (decimal 710)
   defining Unicode char U+02DC (decimal 732)
   defining Unicode char U+200C (decimal 8204)
   defining Unicode char U+2026 (decimal 8230)
   defining Unicode char U+2122 (decimal 8482)
   defining Unicode char U+2423 (decimal 9251)
))
(c:/texlive/2014/texmf-dist/tex/latex/graphics/graphicx.sty
Package: graphicx 2014/04/25 v1.0g Enhanced LaTeX Graphics (DPC,SPQR)

(c:/texlive/2014/texmf-dist/tex/latex/graphics/keyval.sty
Package: keyval 2014/05/08 v1.15 key=value parser (DPC)
\KV@toks@=\toks16
)
(c:/texlive/2014/texmf-dist/tex/latex/graphics/graphics.sty
Package: graphics 2009/02/05 v1.0o Standard LaTeX Graphics (DPC,SPQR)

(c:/texlive/2014/texmf-dist/tex/latex/graphics/trig.sty
Package: trig 1999/03/16 v1.09 sin cos tan (DPC)
)
(c:/texlive/2014/texmf-dist/tex/latex/latexconfig/graphics.cfg
File: graphics.cfg 2010/04/23 v1.9 graphics configuration of TeX Live
)
Package graphics Info: Driver file: pdftex.def on input line 91.

(c:/texlive/2014/texmf-dist/tex/latex/pdftex-def/pdftex.def
File: pdftex.def 2011/05/27 v0.06d Graphics/color for pdfTeX

(c:/texlive/2014/texmf-dist/tex/generic/oberdiek/infwarerr.sty
Package: infwarerr 2010/04/08 v1.3 Providing info/warning/error messages (HO)
)
(c:/texlive/2014/texmf-dist/tex/generic/oberdiek/ltxcmds.sty
Package: ltxcmds 2011/11/09 v1.22 LaTeX kernel commands for general use (HO)
)
\Gread@gobject=\count88
))
\Gin@req@height=\dimen103
\Gin@req@width=\dimen104
)
(c:/texlive/2014/texmf-dist/tex/latex/xcolor/xcolor.sty
Package: xcolor 2007/01/21 v2.11 LaTeX color extensions (UK)

(c:/texlive/2014/texmf-dist/tex/latex/latexconfig/color.cfg
File: color.cfg 2007/01/18 v1.5 color configuration of teTeX/TeXLive
)
Package xcolor Info: Package option `usenames' ignored on input line 216.
Package xcolor Info: Driver file: pdftex.def on input line 225.

(c:/texlive/2014/texmf-dist/tex/latex/colortbl/colortbl.sty
Package: colortbl 2012/02/13 v1.0a Color table columns (DPC)

(c:/texlive/2014/texmf-dist/tex/latex/tools/array.sty
Package: array 2008/09/09 v2.4c Tabular extension package (FMi)
\col@sep=\dimen105
\extrarowheight=\dimen106
\NC@list=\toks17
\extratabsurround=\skip43
\backup@length=\skip44
)
\everycr=\toks18
\minrowclearance=\skip45
)
\rownum=\count89
Package xcolor Info: Model `cmy' substituted by `cmy0' on input line 1337.
Package xcolor Info: Model `hsb' substituted by `rgb' on input line 1341.
Package xcolor Info: Model `RGB' extended on input line 1353.
Package xcolor Info: Model `HTML' substituted by `rgb' on input line 1355.
Package xcolor Info: Model `Hsb' substituted by `hsb' on input line 1356.
Package xcolor Info: Model `tHsb' substituted by `hsb' on input line 1357.
Package xcolor Info: Model `HSB' substituted by `hsb' on input line 1358.
Package xcolor Info: Model `Gray' substituted by `gray' on input line 1359.
Package xcolor Info: Model `wave' substituted by `hsb' on input line 1360.

(c:/texlive/2014/texmf-dist/tex/latex/graphics/dvipsnam.def
File: dvipsnam.def 2014/04/23 v3.0j Driver-dependant file (DPC,SPQR)
)
(c:/texlive/2014/texmf-dist/tex/latex/xcolor/svgnam.def
File: svgnam.def 2007/01/21 v2.11 Predefined colors according to SVG 1.1 (UK)
))
(c:/texlive/2014/texmf-dist/tex/latex/imakeidx/imakeidx.sty
Package: imakeidx 2013/07/11 v1.3a Package for typesetting indices in a synchro
nous mode

(c:/texlive/2014/texmf-dist/tex/latex/xkeyval/xkeyval.sty
Package: xkeyval 2014/05/25 v2.7 package option processing (HA)

(c:/texlive/2014/texmf-dist/tex/generic/xkeyval/xkeyval.tex
(c:/texlive/2014/texmf-dist/tex/generic/xkeyval/xkvutils.tex
\XKV@toks=\toks19
\XKV@tempa@toks=\toks20
)
\XKV@depth=\count90
File: xkeyval.tex 2014/05/25 v2.7 key=value parser (HA)
))
(c:/texlive/2014/texmf-dist/tex/generic/ifxetex/ifxetex.sty
Package: ifxetex 2010/09/12 v0.6 Provides ifxetex conditional
)
(c:/texlive/2014/texmf-dist/tex/generic/oberdiek/ifluatex.sty
Package: ifluatex 2010/03/01 v1.3 Provides the ifluatex switch (HO)
Package ifluatex Info: LuaTeX not detected.
)
(c:/texlive/2014/texmf-dist/tex/latex/xpatch/xpatch.sty
(c:/texlive/2014/texmf-dist/tex/latex/l3kernel/expl3.sty
Package: expl3 2014/06/10 v5105 L3 programming layer (loader) 

(c:/texlive/2014/texmf-dist/tex/latex/l3kernel/expl3-code.tex
Package: expl3 2014/06/10 v5105 L3 programming layer (code) 
L3 Module: l3bootstrap 2014/05/26 v4889 L3 Bootstrap code

(c:/texlive/2014/texmf-dist/tex/latex/etex-pkg/etex.sty
Package: etex 1998/03/26 v2.0 eTeX basic definition package (PEB)
\et@xins=\count91
)
L3 Module: l3names 2014/06/02 v4993 L3 Namespace for primitives
L3 Module: l3basics 2014/06/04 v5033 L3 Basic definitions
L3 Module: l3expan 2014/04/30 v4712 L3 Argument expansion
L3 Module: l3tl 2014/06/06 v5070 L3 Token lists
L3 Module: l3seq 2014/04/30 v4712 L3 Sequences and stacks
L3 Module: l3int 2014/05/31 v4966 L3 Integers
\c_max_int=\count92
\l_tmpa_int=\count93
\l_tmpb_int=\count94
\g_tmpa_int=\count95
\g_tmpb_int=\count96
L3 Module: l3quark 2014/05/26 v4889 L3 Quarks
L3 Module: l3prg 2014/05/04 v4728 L3 Control structures
\g__prg_map_int=\count97
L3 Module: l3clist 2014/05/04 v4728 L3 Comma separated lists
L3 Module: l3token 2014/05/26 v4889 L3 Experimental token manipulation
L3 Module: l3prop 2014/04/30 v4712 L3 Property lists
L3 Module: l3msg 2014/05/30 v4943 L3 Messages
L3 Module: l3file 2014/05/26 v4890 L3 File and I/O operations
\l_iow_line_count_int=\count98
\l__iow_target_count_int=\count99
\l__iow_current_line_int=\count100
\l__iow_current_word_int=\count101
\l__iow_current_indentation_int=\count102
L3 Module: l3skip 2014/05/31 v4972 L3 Dimensions and skips
\c_zero_dim=\dimen107
\c_max_dim=\dimen108
\l_tmpa_dim=\dimen109
\l_tmpb_dim=\dimen110
\g_tmpa_dim=\dimen111
\g_tmpb_dim=\dimen112
\c_zero_skip=\skip46
\c_max_skip=\skip47
\l_tmpa_skip=\skip48
\l_tmpb_skip=\skip49
\g_tmpa_skip=\skip50
\g_tmpb_skip=\skip51
\c_zero_muskip=\muskip10
\c_max_muskip=\muskip11
\l_tmpa_muskip=\muskip12
\l_tmpb_muskip=\muskip13
\g_tmpa_muskip=\muskip14
\g_tmpb_muskip=\muskip15
L3 Module: l3keys 2014/06/08 v5093 L3 Key-value interfaces
\g__keyval_level_int=\count103
\l_keys_choice_int=\count104
L3 Module: l3fp 2014/04/30 v4712 L3 Floating points
\c__fp_leading_shift_int=\count105
\c__fp_middle_shift_int=\count106
\c__fp_trailing_shift_int=\count107
\c__fp_big_leading_shift_int=\count108
\c__fp_big_middle_shift_int=\count109
\c__fp_big_trailing_shift_int=\count110
\c__fp_Bigg_leading_shift_int=\count111
\c__fp_Bigg_middle_shift_int=\count112
\c__fp_Bigg_trailing_shift_int=\count113
L3 Module: l3box 2014/05/31 v4974 L3 Experimental boxes
\c_empty_box=\box26
\l_tmpa_box=\box27
\l_tmpb_box=\box28
\g_tmpa_box=\box29
\g_tmpb_box=\box30
L3 Module: l3coffins 2014/05/28 v4899 L3 Coffin code layer
\l__coffin_internal_box=\box31
\l__coffin_internal_dim=\dimen113
\l__coffin_offset_x_dim=\dimen114
\l__coffin_offset_y_dim=\dimen115
\l__coffin_x_dim=\dimen116
\l__coffin_y_dim=\dimen117
\l__coffin_x_prime_dim=\dimen118
\l__coffin_y_prime_dim=\dimen119
\c_empty_coffin=\box32
\l__coffin_aligned_coffin=\box33
\l__coffin_aligned_internal_coffin=\box34
\l_tmpa_coffin=\box35
\l_tmpb_coffin=\box36
\l__coffin_display_coffin=\box37
\l__coffin_display_coord_coffin=\box38
\l__coffin_display_pole_coffin=\box39
\l__coffin_display_offset_dim=\dimen120
\l__coffin_display_x_dim=\dimen121
\l__coffin_display_y_dim=\dimen122
L3 Module: l3color 2014/04/30 v4712 L3 Experimental color support
L3 Module: l3candidates 2014/05/31 v4972 L3 Experimental additions to l3kernel
\l__box_top_dim=\dimen123
\l__box_bottom_dim=\dimen124
\l__box_left_dim=\dimen125
\l__box_right_dim=\dimen126
\l__box_top_new_dim=\dimen127
\l__box_bottom_new_dim=\dimen128
\l__box_left_new_dim=\dimen129
\l__box_right_new_dim=\dimen130
\l__box_internal_box=\box40
\l__coffin_bounding_shift_dim=\dimen131
\l__coffin_left_corner_dim=\dimen132
\l__coffin_right_corner_dim=\dimen133
\l__coffin_bottom_corner_dim=\dimen134
\l__coffin_top_corner_dim=\dimen135
\l__coffin_scaled_total_height_dim=\dimen136
\l__coffin_scaled_width_dim=\dimen137
)
(c:/texlive/2014/texmf-dist/tex/latex/l3kernel/l3pdfmode.def
File: l3pdfmode.def 2014/05/06 v4748 L3 Experimental driver: PDF mode
\l__driver_color_stack_int=\count114
))
Package: xpatch 2012/10/02 v0.3 Extending etoolbox patching commands

(c:/texlive/2014/texmf-dist/tex/latex/l3packages/xparse/xparse.sty
Package: xparse 2014/06/10 v5105 L3 Experimental document command parser
\l__xparse_current_arg_int=\count115
\l__xparse_m_args_int=\count116
\l__xparse_mandatory_args_int=\count117
\l__xparse_processor_int=\count118
\l__xparse_v_nesting_int=\count119
)
(c:/texlive/2014/texmf-dist/tex/latex/etoolbox/etoolbox.sty
Package: etoolbox 2011/01/03 v2.1 e-TeX tools for LaTeX
\etb@tempcnta=\count120
)
.................................................
. LaTeX info: "xparse/define-command"
. 
. Defining document command \xpatchcmd with arg. spec. '' on line 125.
.................................................
.................................................
. LaTeX info: "xparse/define-command"
. 
. Defining document command \xpretocmd with arg. spec. '' on line 126.
.................................................
.................................................
. LaTeX info: "xparse/define-command"
. 
. Defining document command \xapptocmd with arg. spec. '' on line 127.
.................................................
.................................................
. LaTeX info: "xparse/define-command"
. 
. Defining document command \xshowcmd with arg. spec. '' on line 128.
.................................................
.................................................
. LaTeX info: "xparse/define-command"
. 
. Defining document command \xpatchbibmacro with arg. spec. 'm' on line 131.
.................................................
.................................................
. LaTeX info: "xparse/define-command"
. 
. Defining document command \xpretobibmacro with arg. spec. 'm' on line 133.
.................................................
.................................................
. LaTeX info: "xparse/define-command"
. 
. Defining document command \xapptobibmacro with arg. spec. 'm' on line 135.
.................................................
.................................................
. LaTeX info: "xparse/define-command"
. 
. Defining document command \xshowbibmacro with arg. spec. 'm' on line 137.
.................................................
.................................................
. LaTeX info: "xparse/define-command"
. 
. Defining document command \xpatchfieldformat with arg. spec. 'O{*}m' on line
. 139.
.................................................
.................................................
. LaTeX info: "xparse/define-command"
. 
. Defining document command \xpretofieldformat with arg. spec. 'O{*}m' on line
. 141.
.................................................
.................................................
. LaTeX info: "xparse/define-command"
. 
. Defining document command \xapptofieldformat with arg. spec. 'O{*}m' on line
. 143.
.................................................
.................................................
. LaTeX info: "xparse/define-command"
. 
. Defining document command \xshowfieldformat with arg. spec. 'O{*}m' on line
. 145.
.................................................
.................................................
. LaTeX info: "xparse/define-command"
. 
. Defining document command \xpatchnameformat with arg. spec. 'O{*}m' on line
. 147.
.................................................
.................................................
. LaTeX info: "xparse/define-command"
. 
. Defining document command \xpretonameformat with arg. spec. 'O{*}m' on line
. 149.
.................................................
.................................................
. LaTeX info: "xparse/define-command"
. 
. Defining document command \xapptonameformat with arg. spec. 'O{*}m' on line
. 151.
.................................................
.................................................
. LaTeX info: "xparse/define-command"
. 
. Defining document command \xshownameformat with arg. spec. 'O{*}m' on line
. 153.
.................................................
.................................................
. LaTeX info: "xparse/define-command"
. 
. Defining document command \xpatchlistformat with arg. spec. 'O{*}m' on line
. 155.
.................................................
.................................................
. LaTeX info: "xparse/define-command"
. 
. Defining document command \xpretolistformat with arg. spec. 'O{*}m' on line
. 157.
.................................................
.................................................
. LaTeX info: "xparse/define-command"
. 
. Defining document command \xapptolistformat with arg. spec. 'O{*}m' on line
. 159.
.................................................
.................................................
. LaTeX info: "xparse/define-command"
. 
. Defining document command \xshowlistformat with arg. spec. 'O{*}m' on line
. 161.
.................................................
.................................................
. LaTeX info: "xparse/define-command"
. 
. Defining document command \xpatchindexfieldformat with arg. spec. 'O{*}m' on
. line 163.
.................................................
.................................................
. LaTeX info: "xparse/define-command"
. 
. Defining document command \xpretoindexfieldformat with arg. spec. 'O{*}m' on
. line 165.
.................................................
.................................................
. LaTeX info: "xparse/define-command"
. 
. Defining document command \xapptoindexfieldformat with arg. spec. 'O{*}m' on
. line 167.
.................................................
.................................................
. LaTeX info: "xparse/define-command"
. 
. Defining document command \xshowindexfieldformat with arg. spec. 'O{*}m' on
. line 169.
.................................................
.................................................
. LaTeX info: "xparse/define-command"
. 
. Defining document command \xpatchindexnameformat with arg. spec. 'O{*}m' on
. line 171.
.................................................
.................................................
. LaTeX info: "xparse/define-command"
. 
. Defining document command \xpretoindexnameformat with arg. spec. 'O{*}m' on
. line 173.
.................................................
.................................................
. LaTeX info: "xparse/define-command"
. 
. Defining document command \xapptoindexnameformat with arg. spec. 'O{*}m' on
. line 175.
.................................................
.................................................
. LaTeX info: "xparse/define-command"
. 
. Defining document command \xshowindexnameformat with arg. spec. 'O{*}m' on
. line 177.
.................................................
.................................................
. LaTeX info: "xparse/define-command"
. 
. Defining document command \xpatchindexlistformat with arg. spec. 'O{*}m' on
. line 179.
.................................................
.................................................
. LaTeX info: "xparse/define-command"
. 
. Defining document command \xpretoindexlistformat with arg. spec. 'O{*}m' on
. line 181.
.................................................
.................................................
. LaTeX info: "xparse/define-command"
. 
. Defining document command \xappindextolistformat with arg. spec. 'O{*}m' on
. line 183.
.................................................
.................................................
. LaTeX info: "xparse/define-command"
. 
. Defining document command \xshowindexlistformat with arg. spec. 'O{*}m' on
. line 185.
.................................................
.................................................
. LaTeX info: "xparse/define-command"
. 
. Defining document command \xpatchbibdriver with arg. spec. 'm' on line 187.
.................................................
.................................................
. LaTeX info: "xparse/define-command"
. 
. Defining document command \xpretobibdriver with arg. spec. 'm' on line 189.
.................................................
.................................................
. LaTeX info: "xparse/define-command"
. 
. Defining document command \xapptobibdriver with arg. spec. 'm' on line 191.
.................................................
.................................................
. LaTeX info: "xparse/define-command"
. 
. Defining document command \xshowbibdriver with arg. spec. 'm' on line 193.
.................................................
)
(c:/texlive/2014/texmf-dist/tex/latex/tools/multicol.sty
Package: multicol 2014/04/23 v1.8e multicolumn formatting (FMi)
\c@tracingmulticols=\count121
\mult@box=\box41
\multicol@leftmargin=\dimen138
\c@unbalance=\count122
\c@collectmore=\count123
\doublecol@number=\count124
\multicoltolerance=\count125
\multicolpretolerance=\count126
\full@width=\dimen139
\page@free=\dimen140
\premulticols=\dimen141
\postmulticols=\dimen142
\multicolsep=\skip52
\multicolbaselineskip=\skip53
\partial@page=\box42
\last@line=\box43
\maxbalancingoverflow=\dimen143
\mult@rightbox=\box44
\mult@grightbox=\box45
\mult@gfirstbox=\box46
\mult@firstbox=\box47
\@tempa=\box48
\@tempa=\box49
\@tempa=\box50
\@tempa=\box51
\@tempa=\box52
\@tempa=\box53
\@tempa=\box54
\@tempa=\box55
\@tempa=\box56
\@tempa=\box57
\@tempa=\box58
\@tempa=\box59
\@tempa=\box60
\@tempa=\box61
\@tempa=\box62
\@tempa=\box63
\@tempa=\box64
\c@columnbadness=\count127
\c@finalcolumnbadness=\count128
\last@try=\dimen144
\multicolovershoot=\dimen145
\multicolundershoot=\dimen146
\mult@nat@firstbox=\box65
\colbreak@box=\box66
\mc@col@check@num=\count129
))
(c:/texlive/2014/texmf-dist/tex/latex/tools/enumerate.sty
Package: enumerate 1999/03/05 v3.00 enumerate extensions (DPC)
\@enLab=\toks21
)
(c:/texlive/2014/texmf-dist/tex/generic/babel/babel.sty
Package: babel 2014/03/24 3.9k The Babel package

(c:/texlive/2014/texmf-dist/tex/generic/babel-english/english.ldf
Language: english 2012/08/20 v3.3p English support from the babel system

(c:/texlive/2014/texmf-dist/tex/generic/babel/babel.def
File: babel.def 2014/03/24 3.9k Babel common definitions
\babel@savecnt=\count130
\U@D=\dimen147
)
\l@canadian = a dialect from \language\l@american 
\l@australian = a dialect from \language\l@british 
\l@newzealand = a dialect from \language\l@british 
))
(c:/texlive/2014/texmf-dist/tex/latex/minted/minted.sty
Package: minted 2011/09/17 v1.7 Yet another Pygments shim for LaTeX

(c:/texlive/2014/texmf-dist/tex/latex/fancyvrb/fancyvrb.sty
Package: fancyvrb 2008/02/07

Style option: `fancyvrb' v2.7a, with DG/SPQR fixes, and firstline=lastline fix 
<2008/02/07> (tvz)
\FV@CodeLineNo=\count131
\FV@InFile=\read1
\FV@TabBox=\box67
\c@FancyVerbLine=\count132
\FV@StepNumber=\count133
\FV@OutFile=\write3
) (c:/texlive/2014/texmf-dist/tex/latex/float/float.sty
Package: float 2001/11/08 v1.3d Float enhancements (AL)
\c@float@type=\count134
\float@exts=\toks22
\float@box=\box68
\@float@everytoks=\toks23
\@floatcapt=\box69
)
(c:/texlive/2014/texmf-dist/tex/latex/base/ifthen.sty
Package: ifthen 2001/05/26 v1.1c Standard LaTeX ifthen package (DPC)
)
(c:/texlive/2014/texmf-dist/tex/latex/tools/calc.sty
Package: calc 2007/08/22 v4.3 Infix arithmetic (KKT,FJ)
\calc@Acount=\count135
\calc@Bcount=\count136
\calc@Adimen=\dimen148
\calc@Bdimen=\dimen149
\calc@Askip=\skip54
\calc@Bskip=\skip55
LaTeX Info: Redefining \setlength on input line 75.
LaTeX Info: Redefining \addtolength on input line 76.
\calc@Ccount=\count137
\calc@Cskip=\skip56
)
(c:/texlive/2014/texmf-dist/tex/latex/ifplatform/ifplatform.sty
Package: ifplatform 2010/10/22 v0.4 Testing for the operating system

(c:/texlive/2014/texmf-dist/tex/generic/oberdiek/pdftexcmds.sty
Package: pdftexcmds 2011/11/29 v0.20 Utility functions of pdfTeX for LuaTeX (HO
)

(c:/texlive/2014/texmf-dist/tex/generic/oberdiek/ifpdf.sty
Package: ifpdf 2011/01/30 v2.3 Provides the ifpdf switch (HO)
Package ifpdf Info: pdfTeX in PDF mode is detected.
)
Package pdftexcmds Info: LuaTeX not detected.
Package pdftexcmds Info: \pdf@primitive is available.
Package pdftexcmds Info: \pdf@ifprimitive is available.
Package pdftexcmds Info: \pdfdraftmode found.
)
(c:/texlive/2014/texmf-dist/tex/generic/oberdiek/catchfile.sty
Package: catchfile 2011/03/01 v1.6 Catch the contents of a file (HO)

(c:/texlive/2014/texmf-dist/tex/generic/oberdiek/etexcmds.sty
Package: etexcmds 2011/02/16 v1.5 Avoid name clashes with e-TeX commands (HO)
Package etexcmds Info: Could not find \expanded.
(etexcmds)             That can mean that you are not using pdfTeX 1.50 or
(etexcmds)             that some package has redefined \expanded.
(etexcmds)             In the latter case, load this package earlier.
)))
\minted@bgbox=\box70
\minted@code=\write4
\@float@every@listing=\toks24
\c@listing=\count138
)
runsystem(del ecsp.aex)...executed.

runsystem(for ^%i in (pygmentize.exe pygmentize.bat pygmentize.cmd) do set >ecs
p.aex <nul: /p x=^%~$PATH:i>>ecsp.aex)...executed.

\@appexistsfile=\read2
runsystem(del ecsp.aex)...executed.


file deleted
)
\ecsp@idxfile=\write5
\openout5 = `ecsp.idx'.


Writing index file ecsp.idx
(./ecsp.aux (./TeX_files/Information.aux)
(./TeX_files/HardwareSoftwareNetworks.aux) (./TeX_files/LogicBinary.aux)
(./TeX_files/Computation.aux) (./TeX_files/SourceCode.aux)
(./TeX_files/Variables.aux) (./TeX_files/Operators.aux)
(./TeX_files/ControlStructures.aux) (./TeX_files/Functions.aux)
(./TeX_files/DataStructures.aux) (./TeX_files/Constructors.aux)
(./TeX_files/SearchingSorting.aux))
\openout1 = `ecsp.aux'.

LaTeX Font Info:    Checking defaults for OML/cmm/m/it on input line 9.
LaTeX Font Info:    ... okay on input line 9.
LaTeX Font Info:    Checking defaults for T1/cmr/m/n on input line 9.
LaTeX Font Info:    ... okay on input line 9.
LaTeX Font Info:    Checking defaults for OT1/cmr/m/n on input line 9.
LaTeX Font Info:    ... okay on input line 9.
LaTeX Font Info:    Checking defaults for OMS/cmsy/m/n on input line 9.
LaTeX Font Info:    ... okay on input line 9.
LaTeX Font Info:    Checking defaults for OMX/cmex/m/n on input line 9.
LaTeX Font Info:    ... okay on input line 9.
LaTeX Font Info:    Checking defaults for U/cmr/m/n on input line 9.
LaTeX Font Info:    ... okay on input line 9.

(c:/texlive/2014/texmf-dist/tex/context/base/supp-pdf.mkii
[Loading MPS to PDF converter (version 2006.09.02).]
\scratchcounter=\count139
\scratchdimen=\dimen150
\scratchbox=\box71
\nofMPsegments=\count140
\nofMParguments=\count141
\everyMPshowfont=\toks25
\MPscratchCnt=\count142
\MPscratchDim=\dimen151
\MPnumerator=\count143
\makeMPintoPDFobject=\count144
\everyMPtoPDFconversion=\toks26
) (c:/texlive/2014/texmf-dist/tex/latex/oberdiek/epstopdf-base.sty
Package: epstopdf-base 2010/02/09 v2.5 Base part for package epstopdf

(c:/texlive/2014/texmf-dist/tex/latex/oberdiek/grfext.sty
Package: grfext 2010/08/19 v1.1 Manage graphics extensions (HO)

(c:/texlive/2014/texmf-dist/tex/generic/oberdiek/kvdefinekeys.sty
Package: kvdefinekeys 2011/04/07 v1.3 Define keys (HO)
))
(c:/texlive/2014/texmf-dist/tex/latex/oberdiek/kvoptions.sty
Package: kvoptions 2011/06/30 v3.11 Key value format for package options (HO)

(c:/texlive/2014/texmf-dist/tex/generic/oberdiek/kvsetkeys.sty
Package: kvsetkeys 2012/04/25 v1.16 Key value parser (HO)
))
Package grfext Info: Graphics extension search list:
(grfext)             [.png,.pdf,.jpg,.mps,.jpeg,.jbig2,.jb2,.PNG,.PDF,.JPG,.JPE
G,.JBIG2,.JB2,.eps]
(grfext)             \AppendGraphicsExtensions on input line 452.

(c:/texlive/2014/texmf-dist/tex/latex/latexconfig/epstopdf-sys.cfg
File: epstopdf-sys.cfg 2010/07/13 v1.3 Configuration of (r)epstopdf for TeX Liv
e
))
runsystem(pygmentize -S default -f latex > ecsp.pyg)...executed.


(./ecsp.pyg)
LaTeX Font Info:    External font `cmex10' loaded for size
(Font)              <14.4> on input line 16.
LaTeX Font Info:    External font `cmex10' loaded for size
(Font)              <7> on input line 16.
 [1



{c:/texlive/2014/texmf-var/fonts/map/pdftex/updmap/pdftex.map}]
(./ecsp.toc
LaTeX Font Info:    External font `cmex10' loaded for size
(Font)              <12> on input line 3.
LaTeX Font Info:    External font `cmex10' loaded for size
(Font)              <8> on input line 3.
LaTeX Font Info:    External font `cmex10' loaded for size
(Font)              <6> on input line 3.
 [1

])
\tf@toc=\write6
\openout6 = `ecsp.toc'.

 [2]
\openout2 = `./TeX_files/Information.aux'.

 (./TeX_files/Information.tex
Chapter 1.

Underfull \hbox (badness 10000) in paragraph at lines 7--8

 []


Underfull \hbox (badness 10000) in paragraph at lines 9--10

 []

[1



]
Underfull \hbox (badness 10000) in paragraph at lines 40--41

 []

[2] <./images/letters.png, id=23, 2025.5675pt x 877.2775pt>
File: ./images/letters.png Graphic file (type png)

<use ./images/letters.png>
Package pdftex.def Info: ./images/letters.png used on input line 54.
(pdftex.def)             Requested size: 292.5pt x 126.67322pt.

Underfull \hbox (badness 10000) in paragraph at lines 56--57

 []


Underfull \hbox (badness 10000) in paragraph at lines 58--59

 []


Underfull \hbox (badness 10000) in paragraph at lines 60--61

 []


Underfull \hbox (badness 10000) in paragraph at lines 64--65

 []

[3 <./images/letters.png>]
Underfull \hbox (badness 10000) in paragraph at lines 66--67

 []


Underfull \hbox (badness 10000) in paragraph at lines 68--69

 []


Underfull \hbox (badness 10000) in paragraph at lines 70--71

 []


Underfull \hbox (badness 10000) in paragraph at lines 72--73

 []

<./images/signals.png, id=30, 799.98875pt x 355.3275pt>
File: ./images/signals.png Graphic file (type png)

<use ./images/signals.png>
Package pdftex.def Info: ./images/signals.png used on input line 76.
(pdftex.def)             Requested size: 292.5pt x 129.91846pt.
 [4]
<./images/morse.png, id=37, 1979.395pt x 780.9175pt>
File: ./images/morse.png Graphic file (type png)
 <use ./images/morse.png>
Package pdftex.def Info: ./images/morse.png used on input line 82.
(pdftex.def)             Requested size: 292.5pt x 115.39285pt.

Underfull \hbox (badness 10000) in paragraph at lines 84--85

 []


Underfull \hbox (badness 10000) in paragraph at lines 86--87

 []

[5 <./images/signals.png> <./images/morse.png>]
<./images/morse2.png, id=44, 1979.395pt x 780.9175pt>
File: ./images/morse2.png Graphic file (type png)

<use ./images/morse2.png>
Package pdftex.def Info: ./images/morse2.png used on input line 90.
(pdftex.def)             Requested size: 292.5pt x 115.39285pt.

Overfull \hbox (12.30212pt too wide) in paragraph at lines 98--104
[]$$[]$$[]$$$$[]$$$$\OMS/cmsy/m/n/12 ^^O$$^^O$$^^O$$^^O$$$$^^O$$$$^^O$$[]$$^^O$
$$$^^O$$^^O$$^^O$$$$^^O$$[]$$[]$$$$^^O$$$$[]$$$$^^O$$$$^^O$$[]$$$$[]$$^^O$$[]$$
^^O$$$$^^O$$^^O$$^^O$$^^O$$$ 
 []


Underfull \hbox (badness 10000) in paragraph at lines 98--104

 []


Underfull \hbox (badness 10000) in paragraph at lines 109--110

 []


Underfull \hbox (badness 10000) in paragraph at lines 111--112

 []

[6 <./images/morse2.png>]
Underfull \hbox (badness 10000) in paragraph at lines 113--114

 []

<./images/beatsmorse.png, id=49, 554.07pt x 66.2475pt>
File: ./images/beatsmorse.png Graphic file (type png)

<use ./images/beatsmorse.png>
Package pdftex.def Info: ./images/beatsmorse.png used on input line 130.
(pdftex.def)             Requested size: 292.5pt x 34.9725pt.

Underfull \hbox (badness 10000) in paragraph at lines 132--133

 []


Underfull \hbox (badness 10000) in paragraph at lines 134--135

 []

<./images/beatsmorse3.png, id=50, 554.07pt x 66.2475pt>
File: ./images/beatsmorse3.png Graphic file (type png)

<use ./images/beatsmorse3.png>
Package pdftex.def Info: ./images/beatsmorse3.png used on input line 138.
(pdftex.def)             Requested size: 292.5pt x 34.9725pt.
 [7 <./images/beatsmorse.png>]
<./images/beatsmorse2.png, id=55, 554.07pt x 66.2475pt>
File: ./images/beatsmorse2.png Graphic file (type png)

<use ./images/beatsmorse2.png>
Package pdftex.def Info: ./images/beatsmorse2.png used on input line 142.
(pdftex.def)             Requested size: 292.5pt x 34.9725pt.

Underfull \hbox (badness 10000) in paragraph at lines 144--145

 []


Underfull \hbox (badness 10000) in paragraph at lines 146--147

 []


Underfull \hbox (badness 10000) in paragraph at lines 152--153

 []


Underfull \hbox (badness 10000) in paragraph at lines 154--155

 []

[8 <./images/beatsmorse3.png> <./images/beatsmorse2.png>]
Underfull \hbox (badness 10000) in paragraph at lines 169--170

 []


Underfull \hbox (badness 10000) in paragraph at lines 171--172

 []


Underfull \hbox (badness 10000) in paragraph at lines 173--174

 []

[9]
Underfull \hbox (badness 10000) in paragraph at lines 175--176

 []

<./images/binary.png, id=64, 2153.04375pt x 780.9175pt>
File: ./images/binary.png Graphic file (type png)

<use ./images/binary.png>
Package pdftex.def Info: ./images/binary.png used on input line 177.
(pdftex.def)             Requested size: 292.5pt x 106.0866pt.

<./images/binary2.png, id=65, 2153.04375pt x 780.9175pt>
File: ./images/binary2.png Graphic file (type png)

<use ./images/binary2.png>
Package pdftex.def Info: ./images/binary2.png used on input line 181.
(pdftex.def)             Requested size: 292.5pt x 106.0866pt.

Underfull \hbox (badness 10000) in paragraph at lines 183--184

 []

[10 <./images/binary.png> <./images/binary2.png>]
Underfull \hbox (badness 10000) in paragraph at lines 185--186

 []


Underfull \hbox (badness 10000) in paragraph at lines 187--188

 []

<./images/J1.png, id=72, 1003.75pt x 1056.94875pt>
File: ./images/J1.png Graphic file (type png)
 <use ./images/J1.png>
Package pdftex.def Info: ./images/J1.png used on input line 195.
(pdftex.def)             Requested size: 97.5pt x 102.65292pt.

<./images/J2.png, id=73, 1003.75pt x 1056.94875pt>
File: ./images/J2.png Graphic file (type png)
 <use ./images/J2.png>
Package pdftex.def Info: ./images/J2.png used on input line 195.
(pdftex.def)             Requested size: 97.5pt x 102.65292pt.

<./images/J3.png, id=74, 1003.75pt x 1056.94875pt>
File: ./images/J3.png Graphic file (type png)
 <use ./images/J3.png>
Package pdftex.def Info: ./images/J3.png used on input line 195.
(pdftex.def)             Requested size: 97.5pt x 102.65292pt.

<./images/gray.png, id=75, 362.35374pt x 46.1725pt>
File: ./images/gray.png Graphic file (type png)
 <use ./images/gray.png>
Package pdftex.def Info: ./images/gray.png used on input line 198.
(pdftex.def)             Requested size: 97.5pt x 12.42375pt.

<./images/gray32.png, id=76, 362.35374pt x 46.1725pt>
File: ./images/gray32.png Graphic file (type png)

<use ./images/gray32.png>
Package pdftex.def Info: ./images/gray32.png used on input line 199.
(pdftex.def)             Requested size: 97.5pt x 12.42375pt.
 <./images/red32.png, id=77, 362.35374pt x 46.1725pt>
File: ./images/red32.png Graphic file (type png)

<use ./images/red32.png>
Package pdftex.def Info: ./images/red32.png used on input line 200.
(pdftex.def)             Requested size: 97.5pt x 12.42375pt.

<./images/green32.png, id=78, 362.35374pt x 46.1725pt>
File: ./images/green32.png Graphic file (type png)

<use ./images/green32.png>
Package pdftex.def Info: ./images/green32.png used on input line 201.
(pdftex.def)             Requested size: 97.5pt x 12.42375pt.

<./images/blue32.png, id=79, 362.35374pt x 46.1725pt>
File: ./images/blue32.png Graphic file (type png)

<use ./images/blue32.png>
Package pdftex.def Info: ./images/blue32.png used on input line 202.
(pdftex.def)             Requested size: 97.5pt x 12.42375pt.

<./images/additive.png, id=80, 408.52625pt x 408.52625pt>
File: ./images/additive.png Graphic file (type png)

<use ./images/additive.png>
Package pdftex.def Info: ./images/additive.png used on input line 203.
(pdftex.def)             Requested size: 195.0pt x 194.99948pt.
 [11 <./images/J1.png> <./images/J2.png> <./images/J3.png> <./images/gray.png> 
<./images/gray32.png> <./images/red32.png> <./images/green32.png> <./images/blu
e32.png>]
<./images/J1err.png, id=92, 1003.75pt x 1056.94875pt>
File: ./images/J1err.png Graphic file (type png)
 <use ./images/J1err.png>
Package pdftex.def Info: ./images/J1err.png used on input line 207.
(pdftex.def)             Requested size: 97.5pt x 102.65292pt.

[12 <./images/additive.png> <./images/J1err.png>]) [13]
\openout2 = `./TeX_files/HardwareSoftwareNetworks.aux'.


(./TeX_files/HardwareSoftwareNetworks.tex
Chapter 2.
) [14



]
\openout2 = `./TeX_files/LogicBinary.aux'.

 (./TeX_files/LogicBinary.tex
Chapter 3.
) [15



]
\openout2 = `./TeX_files/Computation.aux'.

 (./TeX_files/Computation.tex
Chapter 4.

Underfull \hbox (badness 10000) in paragraph at lines 3--4

 []


Underfull \hbox (badness 10000) in paragraph at lines 7--8

 []


Underfull \hbox (badness 10000) in paragraph at lines 11--12

 []

[16



] <./images/mapA.png, id=111, 846.16125pt x 574.145pt>
File: ./images/mapA.png Graphic file (type png)

<use ./images/mapA.png>
Package pdftex.def Info: ./images/mapA.png used on input line 15.
(pdftex.def)             Requested size: 390.0pt x 264.62679pt.

Underfull \hbox (badness 10000) in paragraph at lines 26--27

 []


Underfull \hbox (badness 10000) in paragraph at lines 32--33

 []

[17 <./images/mapA.png>]
Underfull \hbox (badness 10000) in paragraph at lines 34--35

 []

LaTeX Font Info:    Try loading font information for OMS+cmr on input line 38.
(c:/texlive/2014/texmf-dist/tex/latex/base/omscmr.fd
File: omscmr.fd 1999/05/25 v2.5h Standard LaTeX font definitions
)
LaTeX Font Info:    Font shape `OMS/cmr/m/n' in size <12> not available
(Font)              Font shape `OMS/cmsy/m/n' tried instead on input line 38.

Underfull \hbox (badness 10000) in paragraph at lines 56--57

 []

[18]
Underfull \hbox (badness 10000) in paragraph at lines 81--82

 []

[19]
Underfull \hbox (badness 10000) in paragraph at lines 108--109

 []


Underfull \hbox (badness 10000) in paragraph at lines 110--111

 []


Underfull \hbox (badness 10000) in paragraph at lines 112--113

 []


Underfull \hbox (badness 10000) in paragraph at lines 114--115

 []

[20]
Underfull \hbox (badness 10000) in paragraph at lines 143--144

 []

<./images/flowchart.png, id=125, 294.09875pt x 803.0pt>
File: ./images/flowchart.png Graphic file (type png)

<use ./images/flowchart.png>
Package pdftex.def Info: ./images/flowchart.png used on input line 145.
(pdftex.def)             Requested size: 195.0pt x 532.41995pt.
 [21]
Underfull \hbox (badness 10000) in paragraph at lines 149--150

 []

[22 <./images/flowchart.png>]
Underfull \hbox (badness 10000) in paragraph at lines 151--152

 []

<./images/iteration.png, id=134, 212.795pt x 245.91875pt>
File: ./images/iteration.png Graphic file (type png)

<use ./images/iteration.png>
Package pdftex.def Info: ./images/iteration.png used on input line 153.
(pdftex.def)             Requested size: 195.0pt x 225.36617pt.

Underfull \hbox (badness 10000) in paragraph at lines 155--156

 []

<./images/iteration2.png, id=135, 316.18124pt x 228.855pt>
File: ./images/iteration2.png Graphic file (type png)

<use ./images/iteration2.png>
Package pdftex.def Info: ./images/iteration2.png used on input line 157.
(pdftex.def)             Requested size: 195.0pt x 141.14482pt.
 [23 <./images/iteration.png>]
Underfull \hbox (badness 10000) in paragraph at lines 161--162

 []


Underfull \hbox (badness 10000) in paragraph at lines 163--164

 []


Underfull \hbox (badness 10000) in paragraph at lines 165--166

 []

) [24 <./images/iteration2.png>]
\openout2 = `./TeX_files/SourceCode.aux'.

 (./TeX_files/SourceCode.tex
Chapter 5.

Underfull \hbox (badness 10000) in paragraph at lines 8--9

 []


Underfull \hbox (badness 10000) in paragraph at lines 15--16

 []

[25



]
Underfull \hbox (badness 10000) in paragraph at lines 17--18

 []


Underfull \hbox (badness 10000) in paragraph at lines 23--24

 []

) [26]
\openout2 = `./TeX_files/Variables.aux'.

 (./TeX_files/Variables.tex
Chapter 6.
) [27



]
\openout2 = `./TeX_files/Operators.aux'.

 (./TeX_files/Operators.tex
Chapter 7.
) [28



]
\openout2 = `./TeX_files/ControlStructures.aux'.

 (./TeX_files/ControlStructures.tex
Chapter 8.
runsystem(pygmentize -l javascript -f latex -F tokenmerge  -F gobble:n=0       
 -P funcnamehighlighting  -P linenos -P "verboptions= ,fontfamily=tt,fontsize=\
footnotesize ,numberblanklines,numbersep=12pt,numbersep=5pt,frame=none,framerul
e=0.4pt,framesep=2mm,tabsize=4,obeytabs=false,showspaces=false,showtabs=false" 
-o ecsp.out.pyg ./code/js/if_true.js)...executed.

(./ecsp.out.pyg
LaTeX Font Info:    Font shape `OT1/cmtt/bx/n' in size <10> not available
(Font)              Font shape `OT1/cmtt/m/n' tried instead on input line 2.
)
runsystem(del ecsp.out.pyg)...executed.

runsystem(pygmentize -l javascript -f latex -F tokenmerge  -F gobble:n=0       
 -P funcnamehighlighting  -P linenos -P "verboptions= ,fontfamily=tt,fontsize=\
footnotesize ,numberblanklines,numbersep=12pt,numbersep=5pt,frame=none,framerul
e=0.4pt,framesep=2mm,tabsize=4,obeytabs=false,showspaces=false,showtabs=false" 
-o ecsp.out.pyg ./code/js/if_nottrue.js)...executed.

 (./ecsp.out.pyg [29



])
runsystem(del ecsp.out.pyg)...executed.

runsystem(pygmentize -l javascript -f latex -F tokenmerge  -F gobble:n=0       
 -P funcnamehighlighting  -P linenos -P "verboptions= ,fontfamily=tt,fontsize=\
footnotesize ,numberblanklines,numbersep=12pt,numbersep=5pt,frame=none,framerul
e=0.4pt,framesep=2mm,tabsize=4,obeytabs=false,showspaces=false,showtabs=false" 
-o ecsp.out.pyg ./code/js/if_nottrue2.js)...executed.

 (./ecsp.out.pyg)
runsystem(del ecsp.out.pyg)...executed.


Underfull \hbox (badness 10000) in paragraph at lines 19--20

 []

runsystem(pygmentize -l javascript -f latex -F tokenmerge  -F gobble:n=0       
 -P funcnamehighlighting  -P linenos -P "verboptions= ,fontfamily=tt,fontsize=\
footnotesize ,numberblanklines,numbersep=12pt,numbersep=5pt,frame=none,framerul
e=0.4pt,framesep=2mm,tabsize=4,obeytabs=false,showspaces=false,showtabs=false" 
-o ecsp.out.pyg ./code/js/odd.js)...executed.

(./ecsp.out.pyg)
runsystem(del ecsp.out.pyg)...executed.


Underfull \hbox (badness 10000) in paragraph at lines 23--24

 []

[30]
runsystem(pygmentize -l javascript -f latex -F tokenmerge  -F gobble:n=0       
 -P funcnamehighlighting  -P linenos -P "verboptions= ,fontfamily=tt,fontsize=\
footnotesize ,numberblanklines,numbersep=12pt,numbersep=5pt,frame=none,framerul
e=0.4pt,framesep=2mm,tabsize=4,obeytabs=false,showspaces=false,showtabs=false" 
-o ecsp.out.pyg ./code/js/odd_2.js)...executed.

 (./ecsp.out.pyg)
runsystem(del ecsp.out.pyg)...executed.


Underfull \hbox (badness 10000) in paragraph at lines 27--28

 []

runsystem(pygmentize -l javascript -f latex -F tokenmerge  -F gobble:n=0       
 -P funcnamehighlighting  -P linenos -P "verboptions= ,fontfamily=tt,fontsize=\
footnotesize ,numberblanklines,numbersep=12pt,numbersep=5pt,frame=none,framerul
e=0.4pt,framesep=2mm,tabsize=4,obeytabs=false,showspaces=false,showtabs=false" 
-o ecsp.out.pyg ./code/js/hello_foo.js)...executed.

(./ecsp.out.pyg [31])
runsystem(del ecsp.out.pyg)...executed.


Underfull \hbox (badness 10000) in paragraph at lines 35--36

 []

runsystem(pygmentize -l javascript -f latex -F tokenmerge  -F gobble:n=0       
 -P funcnamehighlighting  -P linenos -P "verboptions= ,fontfamily=tt,fontsize=\
footnotesize ,numberblanklines,numbersep=12pt,numbersep=5pt,frame=none,framerul
e=0.4pt,framesep=2mm,tabsize=4,obeytabs=false,showspaces=false,showtabs=false" 
-o ecsp.out.pyg ./code/js/ifrainy.js)...executed.

(./ecsp.out.pyg)
runsystem(del ecsp.out.pyg)...executed.


Underfull \hbox (badness 10000) in paragraph at lines 41--42

 []

[32]
runsystem(pygmentize -l javascript -f latex -F tokenmerge  -F gobble:n=0       
 -P funcnamehighlighting  -P linenos -P "verboptions= ,fontfamily=tt,fontsize=\
footnotesize ,numberblanklines,numbersep=12pt,numbersep=5pt,frame=none,framerul
e=0.4pt,framesep=2mm,tabsize=4,obeytabs=false,showspaces=false,showtabs=false" 
-o ecsp.out.pyg ./code/js/ifrainy2.js)...executed.

 (./ecsp.out.pyg)
runsystem(del ecsp.out.pyg)...executed.


Underfull \hbox (badness 10000) in paragraph at lines 47--48

 []

[33]
runsystem(pygmentize -l javascript -f latex -F tokenmerge  -F gobble:n=0       
 -P funcnamehighlighting  -P linenos -P "verboptions= ,fontfamily=tt,fontsize=\
footnotesize ,numberblanklines,numbersep=12pt,numbersep=5pt,frame=none,framerul
e=0.4pt,framesep=2mm,tabsize=4,obeytabs=false,showspaces=false,showtabs=false" 
-o ecsp.out.pyg ./code/js/and.js)...executed.

 (./ecsp.out.pyg)
runsystem(del ecsp.out.pyg)...executed.

runsystem(pygmentize -l javascript -f latex -F tokenmerge  -F gobble:n=0       
 -P funcnamehighlighting  -P linenos -P "verboptions= ,fontfamily=tt,fontsize=\
footnotesize ,numberblanklines,numbersep=12pt,numbersep=5pt,frame=none,framerul
e=0.4pt,framesep=2mm,tabsize=4,obeytabs=false,showspaces=false,showtabs=false" 
-o ecsp.out.pyg ./code/js/or.js)...executed.

 (./ecsp.out.pyg)
runsystem(del ecsp.out.pyg)...executed.


Underfull \hbox (badness 10000) in paragraph at lines 57--58

 []

[34]
Underfull \hbox (badness 10000) in paragraph at lines 63--64

 []

runsystem(pygmentize -l javascript -f latex -F tokenmerge  -F gobble:n=0       
 -P funcnamehighlighting  -P linenos -P "verboptions= ,fontfamily=tt,fontsize=\
footnotesize ,numberblanklines,numbersep=12pt,numbersep=5pt,frame=none,framerul
e=0.4pt,framesep=2mm,tabsize=4,obeytabs=false,showspaces=false,showtabs=false" 
-o ecsp.out.pyg ./code/js/countto5.js)...executed.

(./ecsp.out.pyg)
runsystem(del ecsp.out.pyg)...executed.


Underfull \hbox (badness 10000) in paragraph at lines 68--69

 []


Underfull \hbox (badness 10000) in paragraph at lines 71--72

 []

[35]
runsystem(pygmentize -l javascript -f latex -F tokenmerge  -F gobble:n=0       
 -P funcnamehighlighting  -P linenos -P "verboptions= ,fontfamily=tt,fontsize=\
footnotesize ,numberblanklines,numbersep=12pt,numbersep=5pt,frame=none,framerul
e=0.4pt,framesep=2mm,tabsize=4,obeytabs=false,showspaces=false,showtabs=false" 
-o ecsp.out.pyg ./code/js/infiniteloop.js)...executed.

 (./ecsp.out.pyg)
runsystem(del ecsp.out.pyg)...executed.


Underfull \hbox (badness 10000) in paragraph at lines 75--76

 []

) [36]
\openout2 = `./TeX_files/Functions.aux'.

 (./TeX_files/Functions.tex
Chapter 9.
runsystem(pygmentize -l javascript -f latex -F tokenmerge  -F gobble:n=0       
 -P funcnamehighlighting  -P linenos -P "verboptions= ,fontfamily=tt,fontsize=\
footnotesize ,numberblanklines,numbersep=12pt,numbersep=5pt,frame=none,framerul
e=0.4pt,framesep=2mm,tabsize=4,obeytabs=false,showspaces=false,showtabs=false" 
-o ecsp.out.pyg ./code/js/absolute.js)...executed.

(./ecsp.out.pyg)
runsystem(del ecsp.out.pyg)...executed.


Overfull \hbox (9.03476pt too wide) in paragraph at lines 11--12
[]\OT1/cmr/m/n/12 Let's take a look at all the el-e-ments of how we cre-ate fun
c-tions in JavaScript.
 []


Underfull \hbox (badness 10000) in paragraph at lines 11--12

 []


Underfull \hbox (badness 10000) in paragraph at lines 13--14

 []

[37



]
LaTeX Font Info:    Try loading font information for OMS+cmtt on input line 15.

LaTeX Font Info:    No file OMScmtt.fd. on input line 15.


LaTeX Font Warning: Font shape `OMS/cmtt/m/n' undefined
(Font)              using `OMS/cmsy/m/n' instead
(Font)              for symbol `textbraceleft' on input line 15.


Underfull \hbox (badness 10000) in paragraph at lines 15--16

 []


Underfull \hbox (badness 10000) in paragraph at lines 17--18

 []


Underfull \hbox (badness 10000) in paragraph at lines 19--20

 []


Underfull \hbox (badness 10000) in paragraph at lines 21--22

 []


Underfull \hbox (badness 10000) in paragraph at lines 23--24

 []


Underfull \hbox (badness 10000) in paragraph at lines 27--28

 []

[38]
runsystem(pygmentize -l javascript -f latex -F tokenmerge  -F gobble:n=0       
 -P funcnamehighlighting  -P linenos -P "verboptions= ,fontfamily=tt,fontsize=\
footnotesize ,numberblanklines,numbersep=12pt,numbersep=5pt,frame=none,framerul
e=0.4pt,framesep=2mm,tabsize=4,obeytabs=false,showspaces=false,showtabs=false" 
-o ecsp.out.pyg ./code/js/sqrt.js)...executed.

 (./ecsp.out.pyg)
runsystem(del ecsp.out.pyg)...executed.


Underfull \hbox (badness 10000) in paragraph at lines 31--32

 []


Underfull \hbox (badness 10000) in paragraph at lines 33--34

 []


Underfull \hbox (badness 10000) in paragraph at lines 35--36

 []


Underfull \hbox (badness 10000) in paragraph at lines 37--38

 []

[39]
Underfull \hbox (badness 10000) in paragraph at lines 39--40

 []


Underfull \hbox (badness 10000) in paragraph at lines 41--42

 []


Underfull \hbox (badness 10000) in paragraph at lines 43--44

 []


Underfull \hbox (badness 10000) in paragraph at lines 45--46

 []


Underfull \hbox (badness 10000) in paragraph at lines 47--48

 []


Underfull \hbox (badness 10000) in paragraph at lines 49--50

 []

[40]
Underfull \hbox (badness 10000) in paragraph at lines 53--54

 []

runsystem(pygmentize -l javascript -f latex -F tokenmerge  -F gobble:n=0       
 -P funcnamehighlighting  -P linenos -P "verboptions= ,fontfamily=tt,fontsize=\
footnotesize ,numberblanklines,numbersep=12pt,numbersep=5pt,frame=none,framerul
e=0.4pt,framesep=2mm,tabsize=4,obeytabs=false,showspaces=false,showtabs=false" 
-o ecsp.out.pyg ./code/js/factorial.js)...executed.

(./ecsp.out.pyg)
runsystem(del ecsp.out.pyg)...executed.


Underfull \hbox (badness 10000) in paragraph at lines 57--58

 []


Underfull \hbox (badness 10000) in paragraph at lines 59--60

 []


Underfull \hbox (badness 10000) in paragraph at lines 61--62

 []

[41]
Underfull \hbox (badness 10000) in paragraph at lines 63--64

 []


Overfull \hbox (2.5863pt too wide) in paragraph at lines 65--66
\OT1/cmtt/m/n/12 factorial(0) \OT1/cmr/m/n/12 re-turns 1. Then \OT1/cmtt/m/n/12
 factorial(1) \OT1/cmr/m/n/12 re-turns 1. Then \OT1/cmtt/m/n/12 factorial(2)
 []


Underfull \hbox (badness 10000) in paragraph at lines 65--66

 []


Underfull \hbox (badness 10000) in paragraph at lines 67--68

 []


Underfull \hbox (badness 10000) in paragraph at lines 71--72

 []

[42]
runsystem(pygmentize -l javascript -f latex -F tokenmerge  -F gobble:n=0       
 -P funcnamehighlighting  -P linenos -P "verboptions= ,fontfamily=tt,fontsize=\
footnotesize ,numberblanklines,numbersep=12pt,numbersep=5pt,frame=none,framerul
e=0.4pt,framesep=2mm,tabsize=4,obeytabs=false,showspaces=false,showtabs=false" 
-o ecsp.out.pyg ./code/js/factorial_exception.js)...executed.

 (./ecsp.out.pyg)
runsystem(del ecsp.out.pyg)...executed.


Underfull \hbox (badness 10000) in paragraph at lines 75--76

 []


Underfull \hbox (badness 10000) in paragraph at lines 77--78

 []

runsystem(pygmentize -l javascript -f latex -F tokenmerge  -F gobble:n=0       
 -P funcnamehighlighting  -P linenos -P "verboptions= ,fontfamily=tt,fontsize=\
footnotesize ,numberblanklines,numbersep=12pt,numbersep=5pt,frame=none,framerul
e=0.4pt,framesep=2mm,tabsize=4,obeytabs=false,showspaces=false,showtabs=false" 
-o ecsp.out.pyg ./code/js/factorial_exception_handled.js)...executed.

(./ecsp.out.pyg)
runsystem(del ecsp.out.pyg)...executed.

 [43]
runsystem(pygmentize -l javascript -f latex -F tokenmerge  -F gobble:n=0       
 -P funcnamehighlighting  -P linenos -P "verboptions= ,fontfamily=tt,fontsize=\
footnotesize ,numberblanklines,numbersep=12pt,numbersep=5pt,frame=none,framerul
e=0.4pt,framesep=2mm,tabsize=4,obeytabs=false,showspaces=false,showtabs=false" 
-o ecsp.out.pyg ./code/js/increment.js)...executed.

 (./ecsp.out.pyg)
runsystem(del ecsp.out.pyg)...executed.


Underfull \hbox (badness 10000) in paragraph at lines 87--88

 []


Underfull \hbox (badness 10000) in paragraph at lines 89--90

 []

runsystem(pygmentize -l javascript -f latex -F tokenmerge  -F gobble:n=0       
 -P funcnamehighlighting  -P linenos -P "verboptions= ,fontfamily=tt,fontsize=\
footnotesize ,numberblanklines,numbersep=12pt,numbersep=5pt,frame=none,framerul
e=0.4pt,framesep=2mm,tabsize=4,obeytabs=false,showspaces=false,showtabs=false" 
-o ecsp.out.pyg ./code/js/increment_closure.js)...executed.

(./ecsp.out.pyg [44])
runsystem(del ecsp.out.pyg)...executed.


Underfull \hbox (badness 10000) in paragraph at lines 97--98

 []


Underfull \hbox (badness 10000) in paragraph at lines 99--100

 []

)
Underfull \hbox (badness 10000) in paragraph at lines 101--28

 []

[45] [46]
\openout2 = `./TeX_files/DataStructures.aux'.

 (./TeX_files/DataStructures.tex
Chapter 10.

Underfull \hbox (badness 10000) in paragraph at lines 7--8

 []

runsystem(pygmentize -l javascript -f latex -F tokenmerge  -F gobble:n=0       
 -P funcnamehighlighting  -P linenos -P "verboptions= ,fontfamily=tt,fontsize=\
footnotesize ,numberblanklines,numbersep=12pt,numbersep=5pt,frame=none,framerul
e=0.4pt,framesep=2mm,tabsize=4,obeytabs=false,showspaces=false,showtabs=false" 
-o ecsp.out.pyg ./code/js/emptyObject.js)...executed.

(./ecsp.out.pyg)
runsystem(del ecsp.out.pyg)...executed.

runsystem(pygmentize -l javascript -f latex -F tokenmerge  -F gobble:n=0       
 -P funcnamehighlighting  -P linenos -P "verboptions= ,fontfamily=tt,fontsize=\
footnotesize ,numberblanklines,numbersep=12pt,numbersep=5pt,frame=none,framerul
e=0.4pt,framesep=2mm,tabsize=4,obeytabs=false,showspaces=false,showtabs=false" 
-o ecsp.out.pyg ./code/js/objectProperties.js)...executed.

 (./ecsp.out.pyg [47



])
runsystem(del ecsp.out.pyg)...executed.

runsystem(pygmentize -l javascript -f latex -F tokenmerge  -F gobble:n=0       
 -P funcnamehighlighting  -P linenos -P "verboptions= ,fontfamily=tt,fontsize=\
footnotesize ,numberblanklines,numbersep=12pt,numbersep=5pt,frame=none,framerul
e=0.4pt,framesep=2mm,tabsize=4,obeytabs=false,showspaces=false,showtabs=false" 
-o ecsp.out.pyg ./code/js/objectProperties2.js)...executed.

 (./ecsp.out.pyg [48])
runsystem(del ecsp.out.pyg)...executed.


Underfull \hbox (badness 10000) in paragraph at lines 62--63

 []

runsystem(pygmentize -l javascript -f latex -F tokenmerge  -F gobble:n=0       
 -P funcnamehighlighting  -P linenos -P "verboptions= ,fontfamily=tt,fontsize=\
footnotesize ,numberblanklines,numbersep=12pt,numbersep=5pt,frame=none,framerul
e=0.4pt,framesep=2mm,tabsize=4,obeytabs=false,showspaces=false,showtabs=false" 
-o ecsp.out.pyg ./code/js/emptyArray.js)...executed.

(./ecsp.out.pyg [49])
runsystem(del ecsp.out.pyg)...executed.

 [50]
runsystem(pygmentize -l javascript -f latex -F tokenmerge  -F gobble:n=0       
 -P funcnamehighlighting  -P linenos -P "verboptions= ,fontfamily=tt,fontsize=\
footnotesize ,numberblanklines,numbersep=12pt,numbersep=5pt,frame=none,framerul
e=0.4pt,framesep=2mm,tabsize=4,obeytabs=false,showspaces=false,showtabs=false" 
-o ecsp.out.pyg ./code/js/arrayLiteral.js)...executed.

 (./ecsp.out.pyg)
runsystem(del ecsp.out.pyg)...executed.


Underfull \hbox (badness 10000) in paragraph at lines 109--110

 []

) [51]
\openout2 = `./TeX_files/Constructors.aux'.

 (./TeX_files/Constructors.tex
Chapter 11.
LaTeX Font Info:    Font shape `OT1/cmtt/bx/n' in size <17.28> not available
(Font)              Font shape `OT1/cmtt/m/n' tried instead on input line 7.
runsystem(pygmentize -l javascript -f latex -F tokenmerge  -F gobble:n=0       
 -P funcnamehighlighting  -P linenos -P "verboptions= ,fontfamily=tt,fontsize=\
footnotesize ,numberblanklines,numbersep=12pt,numbersep=5pt,frame=none,framerul
e=0.4pt,framesep=2mm,tabsize=4,obeytabs=false,showspaces=false,showtabs=false" 
-o ecsp.out.pyg ./code/js/newKeyword.js)...executed.

(./ecsp.out.pyg)
runsystem(del ecsp.out.pyg)...executed.

runsystem(pygmentize -l javascript -f latex -F tokenmerge  -F gobble:n=0       
 -P funcnamehighlighting  -P linenos -P "verboptions= ,fontfamily=tt,fontsize=\
footnotesize ,numberblanklines,numbersep=12pt,numbersep=5pt,frame=none,framerul
e=0.4pt,framesep=2mm,tabsize=4,obeytabs=false,showspaces=false,showtabs=false" 
-o ecsp.out.pyg ./code/js/makePi.js)...executed.

 (./ecsp.out.pyg)
runsystem(del ecsp.out.pyg)...executed.

runsystem(pygmentize -l javascript -f latex -F tokenmerge  -F gobble:n=0       
 -P funcnamehighlighting  -P linenos -P "verboptions= ,fontfamily=tt,fontsize=\
footnotesize ,numberblanklines,numbersep=12pt,numbersep=5pt,frame=none,framerul
e=0.4pt,framesep=2mm,tabsize=4,obeytabs=false,showspaces=false,showtabs=false" 
-o ecsp.out.pyg ./code/js/makePiEx.js)...executed.

 (./ecsp.out.pyg [52



])
runsystem(del ecsp.out.pyg)...executed.

runsystem(pygmentize -l javascript -f latex -F tokenmerge  -F gobble:n=0       
 -P funcnamehighlighting  -P linenos -P "verboptions= ,fontfamily=tt,fontsize=\
footnotesize ,numberblanklines,numbersep=12pt,numbersep=5pt,frame=none,framerul
e=0.4pt,framesep=2mm,tabsize=4,obeytabs=false,showspaces=false,showtabs=false" 
-o ecsp.out.pyg ./code/js/CircleA.js)...executed.

 (./ecsp.out.pyg)
runsystem(del ecsp.out.pyg)...executed.

runsystem(pygmentize -l javascript -f latex -F tokenmerge  -F gobble:n=0       
 -P funcnamehighlighting  -P linenos -P "verboptions= ,fontfamily=tt,fontsize=\
footnotesize ,numberblanklines,numbersep=12pt,numbersep=5pt,frame=none,framerul
e=0.4pt,framesep=2mm,tabsize=4,obeytabs=false,showspaces=false,showtabs=false" 
-o ecsp.out.pyg ./code/js/CircleAEx.js)...executed.


(./ecsp.out.pyg)
runsystem(del ecsp.out.pyg)...executed.

runsystem(pygmentize -l javascript -f latex -F tokenmerge  -F gobble:n=0       
 -P funcnamehighlighting  -P linenos -P "verboptions= ,fontfamily=tt,fontsize=\
footnotesize ,numberblanklines,numbersep=12pt,numbersep=5pt,frame=none,framerul
e=0.4pt,framesep=2mm,tabsize=4,obeytabs=false,showspaces=false,showtabs=false" 
-o ecsp.out.pyg ./code/js/Circle.js)...executed.

 (./ecsp.out.pyg [53])
runsystem(del ecsp.out.pyg)...executed.

runsystem(pygmentize -l javascript -f latex -F tokenmerge  -F gobble:n=0       
 -P funcnamehighlighting  -P linenos -P "verboptions= ,fontfamily=tt,fontsize=\
footnotesize ,numberblanklines,numbersep=12pt,numbersep=5pt,frame=none,framerul
e=0.4pt,framesep=2mm,tabsize=4,obeytabs=false,showspaces=false,showtabs=false" 
-o ecsp.out.pyg ./code/js/constructors.js)...executed.

 (./ecsp.out.pyg)
runsystem(del ecsp.out.pyg)...executed.


Underfull \hbox (badness 10000) in paragraph at lines 50--51

 []

runsystem(pygmentize -l javascript -f latex -F tokenmerge  -F gobble:n=0       
 -P funcnamehighlighting  -P linenos -P "verboptions= ,fontfamily=tt,fontsize=\
footnotesize ,numberblanklines,numbersep=12pt,numbersep=5pt,frame=none,framerul
e=0.4pt,framesep=2mm,tabsize=4,obeytabs=false,showspaces=false,showtabs=false" 
-o ecsp.out.pyg ./code/js/Circle2.js)...executed.

(./ecsp.out.pyg [54])
runsystem(del ecsp.out.pyg)...executed.

runsystem(pygmentize -l javascript -f latex -F tokenmerge  -F gobble:n=0       
 -P funcnamehighlighting  -P linenos -P "verboptions= ,fontfamily=tt,fontsize=\
footnotesize ,numberblanklines,numbersep=12pt,numbersep=5pt,frame=none,framerul
e=0.4pt,framesep=2mm,tabsize=4,obeytabs=false,showspaces=false,showtabs=false" 
-o ecsp.out.pyg ./code/js/constructorsB.js)...executed.

 (./ecsp.out.pyg)
runsystem(del ecsp.out.pyg)...executed.

runsystem(pygmentize -l javascript -f latex -F tokenmerge  -F gobble:n=0       
 -P funcnamehighlighting  -P linenos -P "verboptions= ,fontfamily=tt,fontsize=\
footnotesize ,numberblanklines,numbersep=12pt,numbersep=5pt,frame=none,framerul
e=0.4pt,framesep=2mm,tabsize=4,obeytabs=false,showspaces=false,showtabs=false" 
-o ecsp.out.pyg ./code/js/Circle3.js)...executed.

 (./ecsp.out.pyg)
runsystem(del ecsp.out.pyg)...executed.

runsystem(pygmentize -l javascript -f latex -F tokenmerge  -F gobble:n=0       
 -P funcnamehighlighting  -P linenos -P "verboptions= ,fontfamily=tt,fontsize=\
footnotesize ,numberblanklines,numbersep=12pt,numbersep=5pt,frame=none,framerul
e=0.4pt,framesep=2mm,tabsize=4,obeytabs=false,showspaces=false,showtabs=false" 
-o ecsp.out.pyg ./code/js/constructorsBerrors.js)...executed.

 (./ecsp.out.pyg
[55])
runsystem(del ecsp.out.pyg)...executed.

runsystem(pygmentize -l javascript -f latex -F tokenmerge  -F gobble:n=0       
 -P funcnamehighlighting  -P linenos -P "verboptions= ,fontfamily=tt,fontsize=\
footnotesize ,numberblanklines,numbersep=12pt,numbersep=5pt,frame=none,framerul
e=0.4pt,framesep=2mm,tabsize=4,obeytabs=false,showspaces=false,showtabs=false" 
-o ecsp.out.pyg ./code/js/Circle4.js)...executed.

 (./ecsp.out.pyg [56])
runsystem(del ecsp.out.pyg)...executed.

runsystem(pygmentize -l javascript -f latex -F tokenmerge  -F gobble:n=0       
 -P funcnamehighlighting  -P linenos -P "verboptions= ,fontfamily=tt,fontsize=\
footnotesize ,numberblanklines,numbersep=12pt,numbersep=5pt,frame=none,framerul
e=0.4pt,framesep=2mm,tabsize=4,obeytabs=false,showspaces=false,showtabs=false" 
-o ecsp.out.pyg ./code/js/Person.js)...executed.

 (./ecsp.out.pyg)
runsystem(del ecsp.out.pyg)...executed.

runsystem(pygmentize -l javascript -f latex -F tokenmerge  -F gobble:n=0       
 -P funcnamehighlighting  -P linenos -P "verboptions= ,fontfamily=tt,fontsize=\
footnotesize ,numberblanklines,numbersep=12pt,numbersep=5pt,frame=none,framerul
e=0.4pt,framesep=2mm,tabsize=4,obeytabs=false,showspaces=false,showtabs=false" 
-o ecsp.out.pyg ./code/js/constructors2.js)...executed.

 (./ecsp.out.pyg)
runsystem(del ecsp.out.pyg)...executed.

runsystem(pygmentize -l javascript -f latex -F tokenmerge  -F gobble:n=0       
 -P funcnamehighlighting  -P linenos -P "verboptions= ,fontfamily=tt,fontsize=\
footnotesize ,numberblanklines,numbersep=12pt,numbersep=5pt,frame=none,framerul
e=0.4pt,framesep=2mm,tabsize=4,obeytabs=false,showspaces=false,showtabs=false" 
-o ecsp.out.pyg ./code/js/Professional.js)...executed.

 (./ecsp.out.pyg
[57])
runsystem(del ecsp.out.pyg)...executed.

runsystem(pygmentize -l javascript -f latex -F tokenmerge  -F gobble:n=0       
 -P funcnamehighlighting  -P linenos -P "verboptions= ,fontfamily=tt,fontsize=\
footnotesize ,numberblanklines,numbersep=12pt,numbersep=5pt,frame=none,framerul
e=0.4pt,framesep=2mm,tabsize=4,obeytabs=false,showspaces=false,showtabs=false" 
-o ecsp.out.pyg ./code/js/constructors3.js)...executed.

 (./ecsp.out.pyg)
runsystem(del ecsp.out.pyg)...executed.

runsystem(pygmentize -l javascript -f latex -F tokenmerge  -F gobble:n=0       
 -P funcnamehighlighting  -P linenos -P "verboptions= ,fontfamily=tt,fontsize=\
footnotesize ,numberblanklines,numbersep=12pt,numbersep=5pt,frame=none,framerul
e=0.4pt,framesep=2mm,tabsize=4,obeytabs=false,showspaces=false,showtabs=false" 
-o ecsp.out.pyg ./code/js/Doe.js)...executed.

 (./ecsp.out.pyg)
runsystem(del ecsp.out.pyg)...executed.

runsystem(pygmentize -l javascript -f latex -F tokenmerge  -F gobble:n=0       
 -P funcnamehighlighting  -P linenos -P "verboptions= ,fontfamily=tt,fontsize=\
footnotesize ,numberblanklines,numbersep=12pt,numbersep=5pt,frame=none,framerul
e=0.4pt,framesep=2mm,tabsize=4,obeytabs=false,showspaces=false,showtabs=false" 
-o ecsp.out.pyg ./code/js/constructors4.js)...executed.

 (./ecsp.out.pyg [58])
runsystem(del ecsp.out.pyg)...executed.


Underfull \hbox (badness 10000) in paragraph at lines 110--111

 []


Underfull \hbox (badness 10000) in paragraph at lines 112--113

 []

runsystem(pygmentize -l javascript -f latex -F tokenmerge  -F gobble:n=0       
 -P funcnamehighlighting  -P linenos -P "verboptions= ,fontfamily=tt,fontsize=\
footnotesize ,numberblanklines,numbersep=12pt,numbersep=5pt,frame=none,framerul
e=0.4pt,framesep=2mm,tabsize=4,obeytabs=false,showspaces=false,showtabs=false" 
-o ecsp.out.pyg ./code/js/BadRandom.js)...executed.

(./ecsp.out.pyg [59])
runsystem(del ecsp.out.pyg)...executed.

runsystem(pygmentize -l javascript -f latex -F tokenmerge  -F gobble:n=0       
 -P funcnamehighlighting  -P linenos -P "verboptions= ,fontfamily=tt,fontsize=\
footnotesize ,numberblanklines,numbersep=12pt,numbersep=5pt,frame=none,framerul
e=0.4pt,framesep=2mm,tabsize=4,obeytabs=false,showspaces=false,showtabs=false" 
-o ecsp.out.pyg ./code/js/BadRandomEx.js)...executed.

 (./ecsp.out.pyg)
runsystem(del ecsp.out.pyg)...executed.

runsystem(pygmentize -l javascript -f latex -F tokenmerge  -F gobble:n=0       
 -P funcnamehighlighting  -P linenos -P "verboptions= ,fontfamily=tt,fontsize=\
footnotesize ,numberblanklines,numbersep=12pt,numbersep=5pt,frame=none,framerul
e=0.4pt,framesep=2mm,tabsize=4,obeytabs=false,showspaces=false,showtabs=false" 
-o ecsp.out.pyg ./code/js/BetterRandom.js)...executed.

 (./ecsp.out.pyg [60])
runsystem(del ecsp.out.pyg)...executed.


Underfull \hbox (badness 10000) in paragraph at lines 128--129

 []

) [61]
\openout2 = `./TeX_files/SearchingSorting.aux'.

 (./TeX_files/SearchingSorting.tex
Chapter 12.
) [62



]
runsystem(makeindex ecsp.idx)...executed.

 (./ecsp.ind) [63




] (./ecsp.aux (./TeX_files/Information.aux)
(./TeX_files/HardwareSoftwareNetworks.aux) (./TeX_files/LogicBinary.aux)
(./TeX_files/Computation.aux) (./TeX_files/SourceCode.aux)
(./TeX_files/Variables.aux) (./TeX_files/Operators.aux)
(./TeX_files/ControlStructures.aux) (./TeX_files/Functions.aux)
(./TeX_files/DataStructures.aux) (./TeX_files/Constructors.aux)
(./TeX_files/SearchingSorting.aux))

LaTeX Font Warning: Some font shapes were not available, defaults substituted.

 ) 
Here is how much of TeX's memory you used:
 10182 strings out of 493108
 179616 string characters out of 6138440
 249991 words of memory out of 5000000
 13309 multiletter control sequences out of 15000+600000
 10787 words of font info for 39 fonts, out of 8000000 for 9000
 1141 hyphenation exceptions out of 8191
 48i,8n,43p,10457b,379s stack positions out of 5000i,500n,10000p,200000b,80000s
<c:/texlive/2014/texmf-dist/fonts/type1/public/amsfonts/cm/cmbx12.pfb><c:/tex
live/2014/texmf-dist/fonts/type1/public/amsfonts/cm/cmitt10.pfb><c:/texlive/201
4/texmf-dist/fonts/type1/public/amsfonts/cm/cmmi12.pfb><c:/texlive/2014/texmf-d
ist/fonts/type1/public/amsfonts/cm/cmr12.pfb><c:/texlive/2014/texmf-dist/fonts/
type1/public/amsfonts/cm/cmr17.pfb><c:/texlive/2014/texmf-dist/fonts/type1/publ
ic/amsfonts/cm/cmr6.pfb><c:/texlive/2014/texmf-dist/fonts/type1/public/amsfonts
/cm/cmr8.pfb><c:/texlive/2014/texmf-dist/fonts/type1/public/amsfonts/cm/cmsl12.
pfb><c:/texlive/2014/texmf-dist/fonts/type1/public/amsfonts/cm/cmsy10.pfb><c:/t
exlive/2014/texmf-dist/fonts/type1/public/amsfonts/cm/cmti12.pfb><c:/texlive/20
14/texmf-dist/fonts/type1/public/amsfonts/cm/cmtt10.pfb><c:/texlive/2014/texmf-
dist/fonts/type1/public/amsfonts/cm/cmtt12.pfb>
Output written on ecsp.pdf (66 pages, 1007473 bytes).
PDF statistics:
 312 PDF objects out of 1000 (max. 8388607)
 184 compressed objects within 2 object streams
 0 named destinations out of 1000 (max. 500000)
 116 words of extra memory for PDF output out of 10000 (max. 10000000)

